2025-11-22 14:32:53,887 - INFO - HTTP/2 support not enabled (install the http2 and tls Twisted extras)
2025-11-22 14:32:53,906 - INFO - Configuring endpoint tcp:port=8000:interface=127.0.0.1
2025-11-22 14:32:53,908 - INFO - Listening on TCP address 127.0.0.1:8000
INFO 2025-11-22 14:32:59,950 middleware 6412 14836 Request received - User: Anonymous, Path: /
2025-11-22 14:32:59,950 - INFO - Request received - User: Anonymous, Path: /
2025-11-22 14:33:00,214 - WARNING - Not Found: /
2025-11-22 14:33:00,245 - WARNING - [33mHTTP GET / 404 [0.34, 127.0.0.1:50745][0m
INFO 2025-11-22 14:33:01,229 middleware 6412 14836 Request received - User: Anonymous, Path: /favicon.ico
2025-11-22 14:33:01,229 - INFO - Request received - User: Anonymous, Path: /favicon.ico
2025-11-22 14:33:01,260 - WARNING - Not Found: /favicon.ico
2025-11-22 14:33:01,294 - WARNING - [33mHTTP GET /favicon.ico 404 [0.08, 127.0.0.1:50745][0m
INFO 2025-11-22 14:33:07,890 middleware 6412 14836 Request received - User: Anonymous, Path: /api/
2025-11-22 14:33:07,890 - INFO - Request received - User: Anonymous, Path: /api/
2025-11-22 14:33:08,048 - WARNING - Unauthorized: /api/
2025-11-22 14:33:08,049 - WARNING - [31;1mHTTP GET /api/ 401 [0.17, 127.0.0.1:50745][0m
2025-11-22 14:33:08,617 - INFO - [mHTTP GET /static/rest_framework/css/bootstrap-tweaks.css 200 [0.50, 127.0.0.1:50745][0m
2025-11-22 14:33:08,847 - INFO - [mHTTP GET /static/rest_framework/js/csrf.js 200 [0.65, 127.0.0.1:52095][0m
2025-11-22 14:33:09,005 - INFO - [mHTTP GET /static/rest_framework/js/default.js 200 [0.78, 127.0.0.1:58902][0m
2025-11-22 14:33:09,009 - INFO - [mHTTP GET /static/rest_framework/js/ajax-form.js 200 [0.84, 127.0.0.1:63115][0m
2025-11-22 14:33:09,019 - INFO - [mHTTP GET /static/rest_framework/js/bootstrap.min.js 200 [0.82, 127.0.0.1:49211][0m
2025-11-22 14:33:09,037 - INFO - [mHTTP GET /static/rest_framework/js/jquery-3.7.1.min.js 200 [0.87, 127.0.0.1:49934][0m
2025-11-22 14:33:09,083 - INFO - [mHTTP GET /static/rest_framework/css/default.css 200 [0.08, 127.0.0.1:50745][0m
2025-11-22 14:33:09,097 - INFO - [mHTTP GET /static/rest_framework/css/bootstrap.min.css 200 [0.06, 127.0.0.1:58902][0m
2025-11-22 14:33:09,133 - INFO - [mHTTP GET /static/rest_framework/css/prettify.css 200 [0.09, 127.0.0.1:52095][0m
2025-11-22 14:33:09,186 - INFO - [mHTTP GET /static/rest_framework/js/load-ajax-form.js 200 [0.14, 127.0.0.1:63115][0m
2025-11-22 14:33:09,189 - INFO - [mHTTP GET /static/rest_framework/js/prettify-min.js 200 [0.11, 127.0.0.1:49211][0m
2025-11-22 14:33:09,319 - INFO - [mHTTP GET /static/rest_framework/img/grid.png 200 [0.09, 127.0.0.1:49211][0m
INFO 2025-11-22 14:33:12,155 middleware 6412 14836 Request received - User: Anonymous, Path: /api/
2025-11-22 14:33:12,155 - INFO - Request received - User: Anonymous, Path: /api/
2025-11-22 14:33:12,171 - WARNING - Unauthorized: /api/
2025-11-22 14:33:12,175 - WARNING - [31;1mHTTP GET /api/ 401 [0.03, 127.0.0.1:49211][0m
INFO 2025-11-22 14:33:24,752 middleware 6412 14836 Request received - User: Anonymous, Path: /
2025-11-22 14:33:24,752 - INFO - Request received - User: Anonymous, Path: /
2025-11-22 14:33:24,778 - WARNING - Not Found: /
2025-11-22 14:33:24,798 - WARNING - [33mHTTP GET / 404 [0.05, 127.0.0.1:49211][0m
INFO 2025-11-22 14:33:41,871 middleware 6412 14836 Request received - User: Anonymous, Path: /api/conversations/
2025-11-22 14:33:41,871 - INFO - Request received - User: Anonymous, Path: /api/conversations/
2025-11-22 14:33:41,891 - WARNING - Unauthorized: /api/conversations/
2025-11-22 14:33:41,894 - WARNING - [31;1mHTTP GET /api/conversations/ 401 [0.03, 127.0.0.1:49211][0m
2025-11-22 14:33:42,219 - INFO - [36mHTTP GET /static/rest_framework/css/bootstrap-tweaks.css 304 [0.25, 127.0.0.1:63115][0m
2025-11-22 14:33:42,222 - INFO - [36mHTTP GET /static/rest_framework/css/prettify.css 304 [0.17, 127.0.0.1:52095][0m
2025-11-22 14:33:42,225 - INFO - [36mHTTP GET /static/rest_framework/css/bootstrap.min.css 304 [0.26, 127.0.0.1:49211][0m
2025-11-22 14:33:42,262 - INFO - [36mHTTP GET /static/rest_framework/js/ajax-form.js 304 [0.14, 127.0.0.1:49934][0m
2025-11-22 14:33:42,265 - INFO - [36mHTTP GET /static/rest_framework/css/default.css 304 [0.14, 127.0.0.1:58902][0m
2025-11-22 14:33:42,279 - INFO - [36mHTTP GET /static/rest_framework/js/jquery-3.7.1.min.js 304 [0.15, 127.0.0.1:50745][0m
2025-11-22 14:33:42,354 - INFO - [36mHTTP GET /static/rest_framework/js/bootstrap.min.js 304 [0.02, 127.0.0.1:49934][0m
2025-11-22 14:33:42,357 - INFO - [36mHTTP GET /static/rest_framework/js/csrf.js 304 [0.07, 127.0.0.1:63115][0m
2025-11-22 14:33:42,359 - INFO - [36mHTTP GET /static/rest_framework/js/load-ajax-form.js 304 [0.02, 127.0.0.1:50745][0m
2025-11-22 14:33:42,362 - INFO - [36mHTTP GET /static/rest_framework/js/default.js 304 [0.03, 127.0.0.1:49211][0m
2025-11-22 14:33:42,372 - INFO - [36mHTTP GET /static/rest_framework/js/prettify-min.js 304 [0.04, 127.0.0.1:52095][0m
INFO 2025-11-22 14:33:44,201 middleware 6412 14836 Request received - User: Anonymous, Path: /api/
2025-11-22 14:33:44,201 - INFO - Request received - User: Anonymous, Path: /api/
2025-11-22 14:33:44,217 - WARNING - Unauthorized: /api/
2025-11-22 14:33:44,219 - WARNING - [31;1mHTTP GET /api/ 401 [0.02, 127.0.0.1:49211][0m
INFO 2025-11-22 14:33:53,925 middleware 6412 14836 Request received - User: Anonymous, Path: /api-auth/login/
2025-11-22 14:33:53,925 - INFO - Request received - User: Anonymous, Path: /api-auth/login/
2025-11-22 14:33:53,977 - INFO - [mHTTP GET /api-auth/login/?next=/api/ 200 [0.06, 127.0.0.1:49211][0m
INFO 2025-11-22 14:34:02,253 middleware 6412 14836 Request received - User: Anonymous, Path: /api-auth/login/
2025-11-22 14:34:02,253 - INFO - Request received - User: Anonymous, Path: /api-auth/login/
2025-11-22 14:34:02,512 - ERROR - Internal Server Error: /api-auth/login/
Traceback (most recent call last):
  File "C:\Users\Yian Jr\Desktop\alx-backend-python\Django-Middleware-0x03\venv\Lib\site-packages\django\db\backends\utils.py", line 105, in _execute
    return self.cursor.execute(sql, params)
           ^^^^^^^^^^^^^^^^^^^^^^^^^^^^^^^^
  File "C:\Users\Yian Jr\Desktop\alx-backend-python\Django-Middleware-0x03\venv\Lib\site-packages\django\db\backends\sqlite3\base.py", line 360, in execute
    return super().execute(query, params)
           ^^^^^^^^^^^^^^^^^^^^^^^^^^^^^^
sqlite3.OperationalError: no such table: chats_user

The above exception was the direct cause of the following exception:

Traceback (most recent call last):
  File "C:\Users\Yian Jr\Desktop\alx-backend-python\Django-Middleware-0x03\venv\Lib\site-packages\asgiref\sync.py", line 555, in thread_handler
    raise exc_info[1]
  File "C:\Users\Yian Jr\Desktop\alx-backend-python\Django-Middleware-0x03\venv\Lib\site-packages\django\core\handlers\exception.py", line 42, in inner
    response = await get_response(request)
               ^^^^^^^^^^^^^^^^^^^^^^^^^^^
  File "C:\Users\Yian Jr\Desktop\alx-backend-python\Django-Middleware-0x03\venv\Lib\site-packages\asgiref\sync.py", line 555, in thread_handler
    raise exc_info[1]
  File "C:\Users\Yian Jr\Desktop\alx-backend-python\Django-Middleware-0x03\venv\Lib\site-packages\django\core\handlers\base.py", line 253, in _get_response_async
    response = await wrapped_callback(
               ^^^^^^^^^^^^^^^^^^^^^^^
  File "C:\Users\Yian Jr\Desktop\alx-backend-python\Django-Middleware-0x03\venv\Lib\site-packages\asgiref\sync.py", line 504, in __call__
    ret = await asyncio.shield(exec_coro)
          ^^^^^^^^^^^^^^^^^^^^^^^^^^^^^^^
  File "C:\Users\Yian Jr\AppData\Local\Programs\Python\Python312\Lib\concurrent\futures\thread.py", line 58, in run
    result = self.fn(*self.args, **self.kwargs)
             ^^^^^^^^^^^^^^^^^^^^^^^^^^^^^^^^^^
  File "C:\Users\Yian Jr\Desktop\alx-backend-python\Django-Middleware-0x03\venv\Lib\site-packages\asgiref\sync.py", line 559, in thread_handler
    return func(*args, **kwargs)
           ^^^^^^^^^^^^^^^^^^^^^
  File "C:\Users\Yian Jr\Desktop\alx-backend-python\Django-Middleware-0x03\venv\Lib\site-packages\django\views\generic\base.py", line 105, in view
    return self.dispatch(request, *args, **kwargs)
           ^^^^^^^^^^^^^^^^^^^^^^^^^^^^^^^^^^^^^^^
  File "C:\Users\Yian Jr\Desktop\alx-backend-python\Django-Middleware-0x03\venv\Lib\site-packages\django\utils\decorators.py", line 48, in _wrapper
    return bound_method(*args, **kwargs)
           ^^^^^^^^^^^^^^^^^^^^^^^^^^^^^
  File "C:\Users\Yian Jr\Desktop\alx-backend-python\Django-Middleware-0x03\venv\Lib\site-packages\django\utils\decorators.py", line 48, in _wrapper
    return bound_method(*args, **kwargs)
           ^^^^^^^^^^^^^^^^^^^^^^^^^^^^^
  File "C:\Users\Yian Jr\Desktop\alx-backend-python\Django-Middleware-0x03\venv\Lib\site-packages\django\views\decorators\debug.py", line 143, in sensitive_post_parameters_wrapper
    return view(request, *args, **kwargs)
           ^^^^^^^^^^^^^^^^^^^^^^^^^^^^^^
  File "C:\Users\Yian Jr\Desktop\alx-backend-python\Django-Middleware-0x03\venv\Lib\site-packages\django\utils\decorators.py", line 48, in _wrapper
    return bound_method(*args, **kwargs)
           ^^^^^^^^^^^^^^^^^^^^^^^^^^^^^
  File "C:\Users\Yian Jr\Desktop\alx-backend-python\Django-Middleware-0x03\venv\Lib\site-packages\django\utils\decorators.py", line 192, in _view_wrapper
    result = _process_exception(request, e)
             ^^^^^^^^^^^^^^^^^^^^^^^^^^^^^^
  File "C:\Users\Yian Jr\Desktop\alx-backend-python\Django-Middleware-0x03\venv\Lib\site-packages\django\utils\decorators.py", line 190, in _view_wrapper
    response = view_func(request, *args, **kwargs)
               ^^^^^^^^^^^^^^^^^^^^^^^^^^^^^^^^^^^
  File "C:\Users\Yian Jr\Desktop\alx-backend-python\Django-Middleware-0x03\venv\Lib\site-packages\django\utils\decorators.py", line 48, in _wrapper
    return bound_method(*args, **kwargs)
           ^^^^^^^^^^^^^^^^^^^^^^^^^^^^^
  File "C:\Users\Yian Jr\Desktop\alx-backend-python\Django-Middleware-0x03\venv\Lib\site-packages\django\views\decorators\cache.py", line 80, in _view_wrapper
    response = view_func(request, *args, **kwargs)
               ^^^^^^^^^^^^^^^^^^^^^^^^^^^^^^^^^^^
  File "C:\Users\Yian Jr\Desktop\alx-backend-python\Django-Middleware-0x03\venv\Lib\site-packages\django\contrib\auth\views.py", line 89, in dispatch
    return super().dispatch(request, *args, **kwargs)
           ^^^^^^^^^^^^^^^^^^^^^^^^^^^^^^^^^^^^^^^^^^
  File "C:\Users\Yian Jr\Desktop\alx-backend-python\Django-Middleware-0x03\venv\Lib\site-packages\django\views\generic\base.py", line 144, in dispatch
    return handler(request, *args, **kwargs)
           ^^^^^^^^^^^^^^^^^^^^^^^^^^^^^^^^^
  File "C:\Users\Yian Jr\Desktop\alx-backend-python\Django-Middleware-0x03\venv\Lib\site-packages\django\views\generic\edit.py", line 150, in post
    if form.is_valid():
       ^^^^^^^^^^^^^^^
  File "C:\Users\Yian Jr\Desktop\alx-backend-python\Django-Middleware-0x03\venv\Lib\site-packages\django\forms\forms.py", line 206, in is_valid
    return self.is_bound and not self.errors
                                 ^^^^^^^^^^^
  File "C:\Users\Yian Jr\Desktop\alx-backend-python\Django-Middleware-0x03\venv\Lib\site-packages\django\forms\forms.py", line 201, in errors
    self.full_clean()
  File "C:\Users\Yian Jr\Desktop\alx-backend-python\Django-Middleware-0x03\venv\Lib\site-packages\django\forms\forms.py", line 338, in full_clean
    self._clean_form()
  File "C:\Users\Yian Jr\Desktop\alx-backend-python\Django-Middleware-0x03\venv\Lib\site-packages\django\forms\forms.py", line 354, in _clean_form
    cleaned_data = self.clean()
                   ^^^^^^^^^^^^
  File "C:\Users\Yian Jr\Desktop\alx-backend-python\Django-Middleware-0x03\venv\Lib\site-packages\django\views\decorators\debug.py", line 75, in sensitive_variables_wrapper
    return func(*func_args, **func_kwargs)
           ^^^^^^^^^^^^^^^^^^^^^^^^^^^^^^^
  File "C:\Users\Yian Jr\Desktop\alx-backend-python\Django-Middleware-0x03\venv\Lib\site-packages\django\contrib\auth\forms.py", line 366, in clean
    self.user_cache = authenticate(
                      ^^^^^^^^^^^^^
  File "C:\Users\Yian Jr\Desktop\alx-backend-python\Django-Middleware-0x03\venv\Lib\site-packages\django\views\decorators\debug.py", line 75, in sensitive_variables_wrapper
    return func(*func_args, **func_kwargs)
           ^^^^^^^^^^^^^^^^^^^^^^^^^^^^^^^
  File "C:\Users\Yian Jr\Desktop\alx-backend-python\Django-Middleware-0x03\venv\Lib\site-packages\django\contrib\auth\__init__.py", line 114, in authenticate
    user = backend.authenticate(request, **credentials)
           ^^^^^^^^^^^^^^^^^^^^^^^^^^^^^^^^^^^^^^^^^^^^
  File "C:\Users\Yian Jr\Desktop\alx-backend-python\Django-Middleware-0x03\venv\Lib\site-packages\django\contrib\auth\backends.py", line 65, in authenticate
    user = UserModel._default_manager.get_by_natural_key(username)
           ^^^^^^^^^^^^^^^^^^^^^^^^^^^^^^^^^^^^^^^^^^^^^^^^^^^^^^^
  File "C:\Users\Yian Jr\Desktop\alx-backend-python\Django-Middleware-0x03\venv\Lib\site-packages\django\contrib\auth\base_user.py", line 37, in get_by_natural_key
    return self.get(**{self.model.USERNAME_FIELD: username})
           ^^^^^^^^^^^^^^^^^^^^^^^^^^^^^^^^^^^^^^^^^^^^^^^^^
  File "C:\Users\Yian Jr\Desktop\alx-backend-python\Django-Middleware-0x03\venv\Lib\site-packages\django\db\models\manager.py", line 87, in manager_method
    return getattr(self.get_queryset(), name)(*args, **kwargs)
           ^^^^^^^^^^^^^^^^^^^^^^^^^^^^^^^^^^^^^^^^^^^^^^^^^^^
  File "C:\Users\Yian Jr\Desktop\alx-backend-python\Django-Middleware-0x03\venv\Lib\site-packages\django\db\models\query.py", line 631, in get
    num = len(clone)
          ^^^^^^^^^^
  File "C:\Users\Yian Jr\Desktop\alx-backend-python\Django-Middleware-0x03\venv\Lib\site-packages\django\db\models\query.py", line 368, in __len__
    self._fetch_all()
  File "C:\Users\Yian Jr\Desktop\alx-backend-python\Django-Middleware-0x03\venv\Lib\site-packages\django\db\models\query.py", line 1954, in _fetch_all
    self._result_cache = list(self._iterable_class(self))
                         ^^^^^^^^^^^^^^^^^^^^^^^^^^^^^^^^
  File "C:\Users\Yian Jr\Desktop\alx-backend-python\Django-Middleware-0x03\venv\Lib\site-packages\django\db\models\query.py", line 93, in __iter__
    results = compiler.execute_sql(
              ^^^^^^^^^^^^^^^^^^^^^
  File "C:\Users\Yian Jr\Desktop\alx-backend-python\Django-Middleware-0x03\venv\Lib\site-packages\django\db\models\sql\compiler.py", line 1623, in execute_sql
    cursor.execute(sql, params)
  File "C:\Users\Yian Jr\Desktop\alx-backend-python\Django-Middleware-0x03\venv\Lib\site-packages\django\db\backends\utils.py", line 122, in execute
    return super().execute(sql, params)
           ^^^^^^^^^^^^^^^^^^^^^^^^^^^^
  File "C:\Users\Yian Jr\Desktop\alx-backend-python\Django-Middleware-0x03\venv\Lib\site-packages\django\db\backends\utils.py", line 79, in execute
    return self._execute_with_wrappers(
           ^^^^^^^^^^^^^^^^^^^^^^^^^^^^
  File "C:\Users\Yian Jr\Desktop\alx-backend-python\Django-Middleware-0x03\venv\Lib\site-packages\django\db\backends\utils.py", line 92, in _execute_with_wrappers
    return executor(sql, params, many, context)
           ^^^^^^^^^^^^^^^^^^^^^^^^^^^^^^^^^^^^
  File "C:\Users\Yian Jr\Desktop\alx-backend-python\Django-Middleware-0x03\venv\Lib\site-packages\django\db\backends\utils.py", line 100, in _execute
    with self.db.wrap_database_errors:
  File "C:\Users\Yian Jr\Desktop\alx-backend-python\Django-Middleware-0x03\venv\Lib\site-packages\django\db\utils.py", line 91, in __exit__
    raise dj_exc_value.with_traceback(traceback) from exc_value
  File "C:\Users\Yian Jr\Desktop\alx-backend-python\Django-Middleware-0x03\venv\Lib\site-packages\django\db\backends\utils.py", line 105, in _execute
    return self.cursor.execute(sql, params)
           ^^^^^^^^^^^^^^^^^^^^^^^^^^^^^^^^
  File "C:\Users\Yian Jr\Desktop\alx-backend-python\Django-Middleware-0x03\venv\Lib\site-packages\django\db\backends\sqlite3\base.py", line 360, in execute
    return super().execute(query, params)
           ^^^^^^^^^^^^^^^^^^^^^^^^^^^^^^
django.db.utils.OperationalError: no such table: chats_user
2025-11-22 14:34:02,602 - ERROR - [35;1mHTTP POST /api-auth/login/ 500 [0.36, 127.0.0.1:49211][0m
INFO 2025-11-22 14:35:24,046 middleware 6412 14836 Request received - User: Anonymous, Path: /admin/
2025-11-22 14:35:24,046 - INFO - Request received - User: Anonymous, Path: /admin/
2025-11-22 14:35:24,056 - INFO - [32mHTTP GET /admin/ 302 [0.02, 127.0.0.1:57411][0m
INFO 2025-11-22 14:35:24,082 middleware 6412 14836 Request received - User: Anonymous, Path: /admin/login/
2025-11-22 14:35:24,082 - INFO - Request received - User: Anonymous, Path: /admin/login/
2025-11-22 14:35:24,292 - INFO - [mHTTP GET /admin/login/?next=/admin/ 200 [0.22, 127.0.0.1:57411][0m
2025-11-22 14:35:24,351 - INFO - [mHTTP GET /static/admin/css/base.css 200 [0.01, 127.0.0.1:64802][0m
2025-11-22 14:35:24,406 - INFO - [mHTTP GET /static/admin/css/dark_mode.css 200 [0.06, 127.0.0.1:57795][0m
2025-11-22 14:35:24,411 - INFO - [mHTTP GET /static/admin/js/theme.js 200 [0.10, 127.0.0.1:57411][0m
2025-11-22 14:35:24,540 - INFO - [mHTTP GET /static/admin/css/login.css 200 [0.07, 127.0.0.1:57795][0m
2025-11-22 14:35:24,545 - INFO - [mHTTP GET /static/admin/css/responsive.css 200 [0.03, 127.0.0.1:64802][0m
2025-11-22 14:35:24,549 - INFO - [mHTTP GET /static/admin/css/nav_sidebar.css 200 [0.03, 127.0.0.1:57411][0m
2025-11-22 14:35:24,639 - INFO - [mHTTP GET /static/admin/js/nav_sidebar.js 200 [0.01, 127.0.0.1:57411][0m
INFO 2025-11-22 14:35:35,870 middleware 6412 14836 Request received - User: Anonymous, Path: /admin/login/
2025-11-22 14:35:35,870 - INFO - Request received - User: Anonymous, Path: /admin/login/
2025-11-22 14:35:36,019 - ERROR - Internal Server Error: /admin/login/
Traceback (most recent call last):
  File "C:\Users\Yian Jr\Desktop\alx-backend-python\Django-Middleware-0x03\venv\Lib\site-packages\django\db\backends\utils.py", line 105, in _execute
    return self.cursor.execute(sql, params)
           ^^^^^^^^^^^^^^^^^^^^^^^^^^^^^^^^
  File "C:\Users\Yian Jr\Desktop\alx-backend-python\Django-Middleware-0x03\venv\Lib\site-packages\django\db\backends\sqlite3\base.py", line 360, in execute
    return super().execute(query, params)
           ^^^^^^^^^^^^^^^^^^^^^^^^^^^^^^
sqlite3.OperationalError: no such table: chats_user

The above exception was the direct cause of the following exception:

Traceback (most recent call last):
  File "C:\Users\Yian Jr\Desktop\alx-backend-python\Django-Middleware-0x03\venv\Lib\site-packages\asgiref\sync.py", line 555, in thread_handler
    raise exc_info[1]
  File "C:\Users\Yian Jr\Desktop\alx-backend-python\Django-Middleware-0x03\venv\Lib\site-packages\django\core\handlers\exception.py", line 42, in inner
    response = await get_response(request)
               ^^^^^^^^^^^^^^^^^^^^^^^^^^^
  File "C:\Users\Yian Jr\Desktop\alx-backend-python\Django-Middleware-0x03\venv\Lib\site-packages\asgiref\sync.py", line 555, in thread_handler
    raise exc_info[1]
  File "C:\Users\Yian Jr\Desktop\alx-backend-python\Django-Middleware-0x03\venv\Lib\site-packages\django\core\handlers\base.py", line 253, in _get_response_async
    response = await wrapped_callback(
               ^^^^^^^^^^^^^^^^^^^^^^^
  File "C:\Users\Yian Jr\Desktop\alx-backend-python\Django-Middleware-0x03\venv\Lib\site-packages\asgiref\sync.py", line 504, in __call__
    ret = await asyncio.shield(exec_coro)
          ^^^^^^^^^^^^^^^^^^^^^^^^^^^^^^^
  File "C:\Users\Yian Jr\AppData\Local\Programs\Python\Python312\Lib\concurrent\futures\thread.py", line 58, in run
    result = self.fn(*self.args, **self.kwargs)
             ^^^^^^^^^^^^^^^^^^^^^^^^^^^^^^^^^^
  File "C:\Users\Yian Jr\Desktop\alx-backend-python\Django-Middleware-0x03\venv\Lib\site-packages\asgiref\sync.py", line 559, in thread_handler
    return func(*args, **kwargs)
           ^^^^^^^^^^^^^^^^^^^^^
  File "C:\Users\Yian Jr\Desktop\alx-backend-python\Django-Middleware-0x03\venv\Lib\site-packages\django\utils\decorators.py", line 48, in _wrapper
    return bound_method(*args, **kwargs)
           ^^^^^^^^^^^^^^^^^^^^^^^^^^^^^
  File "C:\Users\Yian Jr\Desktop\alx-backend-python\Django-Middleware-0x03\venv\Lib\site-packages\django\views\decorators\cache.py", line 80, in _view_wrapper
    response = view_func(request, *args, **kwargs)
               ^^^^^^^^^^^^^^^^^^^^^^^^^^^^^^^^^^^
  File "C:\Users\Yian Jr\Desktop\alx-backend-python\Django-Middleware-0x03\venv\Lib\site-packages\django\contrib\admin\sites.py", line 449, in login
    return LoginView.as_view(**defaults)(request)
           ^^^^^^^^^^^^^^^^^^^^^^^^^^^^^^^^^^^^^^
  File "C:\Users\Yian Jr\Desktop\alx-backend-python\Django-Middleware-0x03\venv\Lib\site-packages\django\views\generic\base.py", line 105, in view
    return self.dispatch(request, *args, **kwargs)
           ^^^^^^^^^^^^^^^^^^^^^^^^^^^^^^^^^^^^^^^
  File "C:\Users\Yian Jr\Desktop\alx-backend-python\Django-Middleware-0x03\venv\Lib\site-packages\django\utils\decorators.py", line 48, in _wrapper
    return bound_method(*args, **kwargs)
           ^^^^^^^^^^^^^^^^^^^^^^^^^^^^^
  File "C:\Users\Yian Jr\Desktop\alx-backend-python\Django-Middleware-0x03\venv\Lib\site-packages\django\utils\decorators.py", line 48, in _wrapper
    return bound_method(*args, **kwargs)
           ^^^^^^^^^^^^^^^^^^^^^^^^^^^^^
  File "C:\Users\Yian Jr\Desktop\alx-backend-python\Django-Middleware-0x03\venv\Lib\site-packages\django\views\decorators\debug.py", line 143, in sensitive_post_parameters_wrapper
    return view(request, *args, **kwargs)
           ^^^^^^^^^^^^^^^^^^^^^^^^^^^^^^
  File "C:\Users\Yian Jr\Desktop\alx-backend-python\Django-Middleware-0x03\venv\Lib\site-packages\django\utils\decorators.py", line 48, in _wrapper
    return bound_method(*args, **kwargs)
           ^^^^^^^^^^^^^^^^^^^^^^^^^^^^^
  File "C:\Users\Yian Jr\Desktop\alx-backend-python\Django-Middleware-0x03\venv\Lib\site-packages\django\utils\decorators.py", line 192, in _view_wrapper
    result = _process_exception(request, e)
             ^^^^^^^^^^^^^^^^^^^^^^^^^^^^^^
  File "C:\Users\Yian Jr\Desktop\alx-backend-python\Django-Middleware-0x03\venv\Lib\site-packages\django\utils\decorators.py", line 190, in _view_wrapper
    response = view_func(request, *args, **kwargs)
               ^^^^^^^^^^^^^^^^^^^^^^^^^^^^^^^^^^^
  File "C:\Users\Yian Jr\Desktop\alx-backend-python\Django-Middleware-0x03\venv\Lib\site-packages\django\utils\decorators.py", line 48, in _wrapper
    return bound_method(*args, **kwargs)
           ^^^^^^^^^^^^^^^^^^^^^^^^^^^^^
  File "C:\Users\Yian Jr\Desktop\alx-backend-python\Django-Middleware-0x03\venv\Lib\site-packages\django\views\decorators\cache.py", line 80, in _view_wrapper
    response = view_func(request, *args, **kwargs)
               ^^^^^^^^^^^^^^^^^^^^^^^^^^^^^^^^^^^
  File "C:\Users\Yian Jr\Desktop\alx-backend-python\Django-Middleware-0x03\venv\Lib\site-packages\django\contrib\auth\views.py", line 89, in dispatch
    return super().dispatch(request, *args, **kwargs)
           ^^^^^^^^^^^^^^^^^^^^^^^^^^^^^^^^^^^^^^^^^^
  File "C:\Users\Yian Jr\Desktop\alx-backend-python\Django-Middleware-0x03\venv\Lib\site-packages\django\views\generic\base.py", line 144, in dispatch
    return handler(request, *args, **kwargs)
           ^^^^^^^^^^^^^^^^^^^^^^^^^^^^^^^^^
  File "C:\Users\Yian Jr\Desktop\alx-backend-python\Django-Middleware-0x03\venv\Lib\site-packages\django\views\generic\edit.py", line 150, in post
    if form.is_valid():
       ^^^^^^^^^^^^^^^
  File "C:\Users\Yian Jr\Desktop\alx-backend-python\Django-Middleware-0x03\venv\Lib\site-packages\django\forms\forms.py", line 206, in is_valid
    return self.is_bound and not self.errors
                                 ^^^^^^^^^^^
  File "C:\Users\Yian Jr\Desktop\alx-backend-python\Django-Middleware-0x03\venv\Lib\site-packages\django\forms\forms.py", line 201, in errors
    self.full_clean()
  File "C:\Users\Yian Jr\Desktop\alx-backend-python\Django-Middleware-0x03\venv\Lib\site-packages\django\forms\forms.py", line 338, in full_clean
    self._clean_form()
  File "C:\Users\Yian Jr\Desktop\alx-backend-python\Django-Middleware-0x03\venv\Lib\site-packages\django\forms\forms.py", line 354, in _clean_form
    cleaned_data = self.clean()
                   ^^^^^^^^^^^^
  File "C:\Users\Yian Jr\Desktop\alx-backend-python\Django-Middleware-0x03\venv\Lib\site-packages\django\views\decorators\debug.py", line 75, in sensitive_variables_wrapper
    return func(*func_args, **func_kwargs)
           ^^^^^^^^^^^^^^^^^^^^^^^^^^^^^^^
  File "C:\Users\Yian Jr\Desktop\alx-backend-python\Django-Middleware-0x03\venv\Lib\site-packages\django\contrib\auth\forms.py", line 366, in clean
    self.user_cache = authenticate(
                      ^^^^^^^^^^^^^
  File "C:\Users\Yian Jr\Desktop\alx-backend-python\Django-Middleware-0x03\venv\Lib\site-packages\django\views\decorators\debug.py", line 75, in sensitive_variables_wrapper
    return func(*func_args, **func_kwargs)
           ^^^^^^^^^^^^^^^^^^^^^^^^^^^^^^^
  File "C:\Users\Yian Jr\Desktop\alx-backend-python\Django-Middleware-0x03\venv\Lib\site-packages\django\contrib\auth\__init__.py", line 114, in authenticate
    user = backend.authenticate(request, **credentials)
           ^^^^^^^^^^^^^^^^^^^^^^^^^^^^^^^^^^^^^^^^^^^^
  File "C:\Users\Yian Jr\Desktop\alx-backend-python\Django-Middleware-0x03\venv\Lib\site-packages\django\contrib\auth\backends.py", line 65, in authenticate
    user = UserModel._default_manager.get_by_natural_key(username)
           ^^^^^^^^^^^^^^^^^^^^^^^^^^^^^^^^^^^^^^^^^^^^^^^^^^^^^^^
  File "C:\Users\Yian Jr\Desktop\alx-backend-python\Django-Middleware-0x03\venv\Lib\site-packages\django\contrib\auth\base_user.py", line 37, in get_by_natural_key
    return self.get(**{self.model.USERNAME_FIELD: username})
           ^^^^^^^^^^^^^^^^^^^^^^^^^^^^^^^^^^^^^^^^^^^^^^^^^
  File "C:\Users\Yian Jr\Desktop\alx-backend-python\Django-Middleware-0x03\venv\Lib\site-packages\django\db\models\manager.py", line 87, in manager_method
    return getattr(self.get_queryset(), name)(*args, **kwargs)
           ^^^^^^^^^^^^^^^^^^^^^^^^^^^^^^^^^^^^^^^^^^^^^^^^^^^
  File "C:\Users\Yian Jr\Desktop\alx-backend-python\Django-Middleware-0x03\venv\Lib\site-packages\django\db\models\query.py", line 631, in get
    num = len(clone)
          ^^^^^^^^^^
  File "C:\Users\Yian Jr\Desktop\alx-backend-python\Django-Middleware-0x03\venv\Lib\site-packages\django\db\models\query.py", line 368, in __len__
    self._fetch_all()
  File "C:\Users\Yian Jr\Desktop\alx-backend-python\Django-Middleware-0x03\venv\Lib\site-packages\django\db\models\query.py", line 1954, in _fetch_all
    self._result_cache = list(self._iterable_class(self))
                         ^^^^^^^^^^^^^^^^^^^^^^^^^^^^^^^^
  File "C:\Users\Yian Jr\Desktop\alx-backend-python\Django-Middleware-0x03\venv\Lib\site-packages\django\db\models\query.py", line 93, in __iter__
    results = compiler.execute_sql(
              ^^^^^^^^^^^^^^^^^^^^^
  File "C:\Users\Yian Jr\Desktop\alx-backend-python\Django-Middleware-0x03\venv\Lib\site-packages\django\db\models\sql\compiler.py", line 1623, in execute_sql
    cursor.execute(sql, params)
  File "C:\Users\Yian Jr\Desktop\alx-backend-python\Django-Middleware-0x03\venv\Lib\site-packages\django\db\backends\utils.py", line 122, in execute
    return super().execute(sql, params)
           ^^^^^^^^^^^^^^^^^^^^^^^^^^^^
  File "C:\Users\Yian Jr\Desktop\alx-backend-python\Django-Middleware-0x03\venv\Lib\site-packages\django\db\backends\utils.py", line 79, in execute
    return self._execute_with_wrappers(
           ^^^^^^^^^^^^^^^^^^^^^^^^^^^^
  File "C:\Users\Yian Jr\Desktop\alx-backend-python\Django-Middleware-0x03\venv\Lib\site-packages\django\db\backends\utils.py", line 92, in _execute_with_wrappers
    return executor(sql, params, many, context)
           ^^^^^^^^^^^^^^^^^^^^^^^^^^^^^^^^^^^^
  File "C:\Users\Yian Jr\Desktop\alx-backend-python\Django-Middleware-0x03\venv\Lib\site-packages\django\db\backends\utils.py", line 100, in _execute
    with self.db.wrap_database_errors:
  File "C:\Users\Yian Jr\Desktop\alx-backend-python\Django-Middleware-0x03\venv\Lib\site-packages\django\db\utils.py", line 91, in __exit__
    raise dj_exc_value.with_traceback(traceback) from exc_value
  File "C:\Users\Yian Jr\Desktop\alx-backend-python\Django-Middleware-0x03\venv\Lib\site-packages\django\db\backends\utils.py", line 105, in _execute
    return self.cursor.execute(sql, params)
           ^^^^^^^^^^^^^^^^^^^^^^^^^^^^^^^^
  File "C:\Users\Yian Jr\Desktop\alx-backend-python\Django-Middleware-0x03\venv\Lib\site-packages\django\db\backends\sqlite3\base.py", line 360, in execute
    return super().execute(query, params)
           ^^^^^^^^^^^^^^^^^^^^^^^^^^^^^^
django.db.utils.OperationalError: no such table: chats_user
2025-11-22 14:35:36,090 - ERROR - [35;1mHTTP POST /admin/login/?next=/admin/ 500 [0.23, 127.0.0.1:57411][0m
2025-11-22 14:43:15,876 - INFO - HTTP/2 support not enabled (install the http2 and tls Twisted extras)
2025-11-22 14:43:15,882 - INFO - Configuring endpoint tcp:port=8000:interface=127.0.0.1
2025-11-22 14:43:15,890 - INFO - Listening on TCP address 127.0.0.1:8000
